第一次扫描...
第一次扫描完成！

变量信息：
变量：Global的值为：00000000000000000000000000000000所在数据段的段基址为：0在数据段中的相对地址为：0
变量：sum的值为：00000000000000000000000000000000所在数据段的段基址为：0在数据段中的相对地址为：4
变量：main的值为：00000000000000000000000000001000所在数据段的段基址为：0在数据段中的相对地址为：8
变量：main_c的值为：00000000000000000000000000000000所在数据段的段基址为：0在数据段中的相对地址为：12

标号信息：
标号：START在rom中的地址为00000000000000000000000000000000(0)
标号：main_begin在rom中的地址为00000000000000000000000000001101(13)
标号：sum_begin在rom中的地址为00000000000000000000000000000011(3)

开始写入RAM...
哦也！RAM写入完成!

第二次扫描...

开始写入prog.coe文件：
START:      60
00000000000000000000000000000000,
addi $ra,$zero,END      32
00100000000111110000000000000000,
j main_begin      56
00001000000000000000000000001101,
sum_begin:      60
00000000000000000000000000000000,
ori $a3,$s1,0      35
00110110001001110000000000000000,
ori $s2,$a3,0      35
00110100111100100000000000000000,
ori $v1,$a3,0      35
00110100111000110000000000000000,
PUSH $v1      63
ori $v1,$s0,0      35
00110110000000110000000000000000,
ori $v0,$zero,0      35
00110100000000100000000000000000,
jr $ra      27
00000011111000000000000000001000,
ori $v0,$zero,0      35
00110100000000100000000000000000,
jr $ra      27
00000011111000000000000000001000,
main_begin:      60
00000000000000000000000000000000,
ori $a3,$zero,1      35
00110100000001110000000000000001,
第二次扫描完成！

Successful!
