D:\USERS\DUAN\DOCUMENTS\VISUAL STUDIO 2012\PROJECTS\CPU\CPU\DEBUG\TEST.OBJ
D:\USERS\DUAN\DOCUMENTS\VISUAL STUDIO 2012\PROJECTS\CPU\CPU\DEBUG\VC110.PDB
D:\USERS\DUAN\DOCUMENTS\VISUAL STUDIO 2012\PROJECTS\CPU\DEBUG\CPU.ILK
D:\USERS\DUAN\DOCUMENTS\VISUAL STUDIO 2012\PROJECTS\CPU\DEBUG\CPU.EXE
D:\USERS\DUAN\DOCUMENTS\VISUAL STUDIO 2012\PROJECTS\CPU\DEBUG\CPU.PDB
d:\users\duan\documents\visual studio 2012\Projects\CPU\CPU\Debug\test.obj
d:\users\duan\documents\visual studio 2012\Projects\CPU\CPU\Debug\cl.command.1.tlog
d:\users\duan\documents\visual studio 2012\Projects\CPU\CPU\Debug\CL.read.1.tlog
d:\users\duan\documents\visual studio 2012\Projects\CPU\CPU\Debug\CL.write.1.tlog
d:\users\duan\documents\visual studio 2012\Projects\CPU\CPU\Debug\link-cvtres.read.1.tlog
d:\users\duan\documents\visual studio 2012\Projects\CPU\CPU\Debug\link-cvtres.write.1.tlog
d:\users\duan\documents\visual studio 2012\Projects\CPU\CPU\Debug\link-rc.read.1.tlog
d:\users\duan\documents\visual studio 2012\Projects\CPU\CPU\Debug\link-rc.write.1.tlog
d:\users\duan\documents\visual studio 2012\Projects\CPU\CPU\Debug\link.1436-cvtres.read.1.tlog
d:\users\duan\documents\visual studio 2012\Projects\CPU\CPU\Debug\link.1436-cvtres.write.1.tlog
d:\users\duan\documents\visual studio 2012\Projects\CPU\CPU\Debug\link.1436-rc.read.1.tlog
d:\users\duan\documents\visual studio 2012\Projects\CPU\CPU\Debug\link.1436-rc.write.1.tlog
d:\users\duan\documents\visual studio 2012\Projects\CPU\CPU\Debug\link.1436.read.1.tlog
d:\users\duan\documents\visual studio 2012\Projects\CPU\CPU\Debug\link.1436.write.1.tlog
d:\users\duan\documents\visual studio 2012\Projects\CPU\CPU\Debug\link.4372-cvtres.read.1.tlog
d:\users\duan\documents\visual studio 2012\Projects\CPU\CPU\Debug\link.4372-cvtres.write.1.tlog
d:\users\duan\documents\visual studio 2012\Projects\CPU\CPU\Debug\link.4372-rc.read.1.tlog
d:\users\duan\documents\visual studio 2012\Projects\CPU\CPU\Debug\link.4372-rc.write.1.tlog
d:\users\duan\documents\visual studio 2012\Projects\CPU\CPU\Debug\link.4372.read.1.tlog
d:\users\duan\documents\visual studio 2012\Projects\CPU\CPU\Debug\link.4372.write.1.tlog
d:\users\duan\documents\visual studio 2012\Projects\CPU\CPU\Debug\link.5004-cvtres.read.1.tlog
d:\users\duan\documents\visual studio 2012\Projects\CPU\CPU\Debug\link.5004-cvtres.write.1.tlog
d:\users\duan\documents\visual studio 2012\Projects\CPU\CPU\Debug\link.5004-rc.read.1.tlog
d:\users\duan\documents\visual studio 2012\Projects\CPU\CPU\Debug\link.5004-rc.write.1.tlog
d:\users\duan\documents\visual studio 2012\Projects\CPU\CPU\Debug\link.5004.read.1.tlog
d:\users\duan\documents\visual studio 2012\Projects\CPU\CPU\Debug\link.5004.write.1.tlog
d:\users\duan\documents\visual studio 2012\Projects\CPU\CPU\Debug\link.5404-cvtres.read.1.tlog
d:\users\duan\documents\visual studio 2012\Projects\CPU\CPU\Debug\link.5404-cvtres.write.1.tlog
d:\users\duan\documents\visual studio 2012\Projects\CPU\CPU\Debug\link.5404-rc.read.1.tlog
d:\users\duan\documents\visual studio 2012\Projects\CPU\CPU\Debug\link.5404-rc.write.1.tlog
d:\users\duan\documents\visual studio 2012\Projects\CPU\CPU\Debug\link.5404.read.1.tlog
d:\users\duan\documents\visual studio 2012\Projects\CPU\CPU\Debug\link.5404.write.1.tlog
d:\users\duan\documents\visual studio 2012\Projects\CPU\CPU\Debug\link.5464-cvtres.read.1.tlog
d:\users\duan\documents\visual studio 2012\Projects\CPU\CPU\Debug\link.5464-cvtres.write.1.tlog
d:\users\duan\documents\visual studio 2012\Projects\CPU\CPU\Debug\link.5464-rc.read.1.tlog
d:\users\duan\documents\visual studio 2012\Projects\CPU\CPU\Debug\link.5464-rc.write.1.tlog
d:\users\duan\documents\visual studio 2012\Projects\CPU\CPU\Debug\link.5464.read.1.tlog
d:\users\duan\documents\visual studio 2012\Projects\CPU\CPU\Debug\link.5464.write.1.tlog
d:\users\duan\documents\visual studio 2012\Projects\CPU\CPU\Debug\link.5500-cvtres.read.1.tlog
d:\users\duan\documents\visual studio 2012\Projects\CPU\CPU\Debug\link.5500-cvtres.write.1.tlog
d:\users\duan\documents\visual studio 2012\Projects\CPU\CPU\Debug\link.5500-rc.read.1.tlog
d:\users\duan\documents\visual studio 2012\Projects\CPU\CPU\Debug\link.5500-rc.write.1.tlog
d:\users\duan\documents\visual studio 2012\Projects\CPU\CPU\Debug\link.5500.read.1.tlog
d:\users\duan\documents\visual studio 2012\Projects\CPU\CPU\Debug\link.5500.write.1.tlog
d:\users\duan\documents\visual studio 2012\Projects\CPU\CPU\Debug\link.5664-cvtres.read.1.tlog
d:\users\duan\documents\visual studio 2012\Projects\CPU\CPU\Debug\link.5664-cvtres.write.1.tlog
d:\users\duan\documents\visual studio 2012\Projects\CPU\CPU\Debug\link.5664-rc.read.1.tlog
d:\users\duan\documents\visual studio 2012\Projects\CPU\CPU\Debug\link.5664-rc.write.1.tlog
d:\users\duan\documents\visual studio 2012\Projects\CPU\CPU\Debug\link.5664.read.1.tlog
d:\users\duan\documents\visual studio 2012\Projects\CPU\CPU\Debug\link.5664.write.1.tlog
d:\users\duan\documents\visual studio 2012\Projects\CPU\CPU\Debug\link.5744-cvtres.read.1.tlog
d:\users\duan\documents\visual studio 2012\Projects\CPU\CPU\Debug\link.5744-cvtres.write.1.tlog
d:\users\duan\documents\visual studio 2012\Projects\CPU\CPU\Debug\link.5744-rc.read.1.tlog
d:\users\duan\documents\visual studio 2012\Projects\CPU\CPU\Debug\link.5744-rc.write.1.tlog
d:\users\duan\documents\visual studio 2012\Projects\CPU\CPU\Debug\link.5744.read.1.tlog
d:\users\duan\documents\visual studio 2012\Projects\CPU\CPU\Debug\link.5744.write.1.tlog
d:\users\duan\documents\visual studio 2012\Projects\CPU\CPU\Debug\link.5892-cvtres.read.1.tlog
d:\users\duan\documents\visual studio 2012\Projects\CPU\CPU\Debug\link.5892-cvtres.write.1.tlog
d:\users\duan\documents\visual studio 2012\Projects\CPU\CPU\Debug\link.5892-rc.read.1.tlog
d:\users\duan\documents\visual studio 2012\Projects\CPU\CPU\Debug\link.5892-rc.write.1.tlog
d:\users\duan\documents\visual studio 2012\Projects\CPU\CPU\Debug\link.5892.read.1.tlog
d:\users\duan\documents\visual studio 2012\Projects\CPU\CPU\Debug\link.5892.write.1.tlog
d:\users\duan\documents\visual studio 2012\Projects\CPU\CPU\Debug\link.6036-cvtres.read.1.tlog
d:\users\duan\documents\visual studio 2012\Projects\CPU\CPU\Debug\link.6036-cvtres.write.1.tlog
d:\users\duan\documents\visual studio 2012\Projects\CPU\CPU\Debug\link.6036-rc.read.1.tlog
d:\users\duan\documents\visual studio 2012\Projects\CPU\CPU\Debug\link.6036-rc.write.1.tlog
d:\users\duan\documents\visual studio 2012\Projects\CPU\CPU\Debug\link.6036.read.1.tlog
d:\users\duan\documents\visual studio 2012\Projects\CPU\CPU\Debug\link.6036.write.1.tlog
d:\users\duan\documents\visual studio 2012\Projects\CPU\CPU\Debug\link.command.1.tlog
d:\users\duan\documents\visual studio 2012\Projects\CPU\CPU\Debug\link.read.1.tlog
d:\users\duan\documents\visual studio 2012\Projects\CPU\CPU\Debug\link.write.1.tlog
d:\users\duan\documents\visual studio 2012\Projects\CPU\CPU\Debug\vc110.idb
d:\users\duan\documents\visual studio 2012\Projects\CPU\CPU\Debug\vc110.pdb
d:\users\duan\documents\visual studio 2012\Projects\CPU\Debug\CPU.pdb
d:\users\duan\documents\visual studio 2012\Projects\CPU\Debug\CPU.exe
d:\users\duan\documents\visual studio 2012\Projects\CPU\Debug\CPU.ilk
